Feb 22, 2023 7:00:38 PM com.google.cloud.datastore.emulator.firestore.websocket.WebSocketServer start
INFO: Started WebSocket server on ws://127.0.0.1:9150
API endpoint: http://127.0.0.1:8080
If you are using a library that supports the FIRESTORE_EMULATOR_HOST environment variable, run:

   export FIRESTORE_EMULATOR_HOST=127.0.0.1:8080

Dev App Server is now running.

Feb 22, 2023 7:00:39 PM io.gapi.emulators.netty.HttpVersionRoutingHandler channelRead
INFO: Detected non-HTTP/2 connection.
Feb 22, 2023 7:00:39 PM io.gapi.emulators.netty.HttpVersionRoutingHandler channelRead
INFO: Detected non-HTTP/2 connection.
Feb 22, 2023 7:00:39 PM io.gapi.emulators.netty.HttpVersionRoutingHandler channelRead
INFO: Detected non-HTTP/2 connection.
Feb 22, 2023 7:00:39 PM com.google.cloud.datastore.emulator.firestore.websocket.WebSocketChannelHandler initChannel
INFO: Connected to new websocket client
Feb 22, 2023 7:00:39 PM io.gapi.emulators.netty.HttpVersionRoutingHandler channelRead
INFO: Detected non-HTTP/2 connection.
Feb 22, 2023 7:00:39 PM io.gapi.emulators.netty.HttpVersionRoutingHandler channelRead
INFO: Detected non-HTTP/2 connection.
Feb 22, 2023 7:00:39 PM io.gapi.emulators.netty.HttpVersionRoutingHandler channelRead
INFO: Detected HTTP/2 connection.
Feb 22, 2023 7:00:49 PM io.gapi.emulators.netty.HttpVersionRoutingHandler channelRead
INFO: Detected non-HTTP/2 connection.
Feb 22, 2023 7:00:54 PM io.gapi.emulators.netty.HttpVersionRoutingHandler channelRead
INFO: Detected non-HTTP/2 connection.
Feb 22, 2023 7:00:55 PM com.google.cloud.datastore.emulator.firestore.websocket.WebSocketChannelHandler channelClosed
INFO: Websocket client disconnected
Feb 22, 2023 7:00:55 PM com.google.cloud.datastore.emulator.firestore.websocket.WebSocketChannelHandler initChannel
INFO: Connected to new websocket client
Feb 22, 2023 7:00:55 PM io.gapi.emulators.netty.HttpVersionRoutingHandler channelRead
INFO: Detected non-HTTP/2 connection.
Feb 22, 2023 7:00:59 PM com.google.cloud.datastore.emulator.firestore.websocket.WebSocketChannelHandler channelClosed
INFO: Websocket client disconnected
Feb 22, 2023 7:00:59 PM com.google.cloud.datastore.emulator.firestore.websocket.WebSocketChannelHandler initChannel
INFO: Connected to new websocket client
Feb 22, 2023 7:00:59 PM io.gapi.emulators.netty.HttpVersionRoutingHandler channelRead
INFO: Detected non-HTTP/2 connection.
Feb 22, 2023 7:00:59 PM io.gapi.emulators.netty.HttpVersionRoutingHandler channelRead
INFO: Detected non-HTTP/2 connection.
Feb 22, 2023 7:00:59 PM io.gapi.emulators.netty.HttpVersionRoutingHandler channelRead
INFO: Detected non-HTTP/2 connection.
Feb 22, 2023 7:01:05 PM com.google.cloud.datastore.emulator.firestore.websocket.WebSocketChannelHandler initChannel
INFO: Connected to new websocket client
Feb 22, 2023 7:01:05 PM com.google.cloud.datastore.emulator.firestore.websocket.WebSocketChannelHandler channelClosed
INFO: Websocket client disconnected
Feb 22, 2023 7:01:05 PM com.google.cloud.datastore.emulator.firestore.websocket.WebSocketChannelHandler channelClosed
INFO: Websocket client disconnected
Feb 22, 2023 7:01:05 PM com.google.cloud.datastore.emulator.firestore.websocket.WebSocketChannelHandler initChannel
INFO: Connected to new websocket client
Feb 22, 2023 7:01:32 PM io.gapi.emulators.netty.HttpVersionRoutingHandler channelRead
INFO: Detected HTTP/2 connection.
Feb 22, 2023 7:01:32 PM com.google.cloud.datastore.emulator.impl.context.EmulatorAuthorization fromHeader
WARNING: Received service account token ya29.c.b0Aaekm1I705uFE3O3-wxHPGNdhk8VUlo5G6bMiYLIU5Cy_dd9oumzO9Vf1EuD1YMsR38a8jOtd5QRGryhA866a6EZEw6BUc6f1MiKeXRAtmwxZ-3OI4vPu-Bgzsoc2r9XBhmKqSG_qXRQWeFiZh16MZCbc88SblAvppHu146llFjg8G9Z6WLRScR8RPtddrZv6-ChKDX17-vsWCWdmLFmxxsOPAPIVuIT232AsU8Y2pw1n0Uobvzx7dI2sYcIVqm0cBO_6sp0qBhrFUMOv8snRuWm4asxJl7SyUWSJwds0wMk77zkrQ3rrus_VuYzdWJgUfXIqs6hSv8253lY9ziFRzVkt_JxbkvM7sViS-6dxIjQUate3MkyenWeugjn8nQeUMVZzcMlqfs3vyfUyrxkUgZu_sXJlvVoI5Q5FQ9YO1MVU2UavOmtS0km0nizRSiQv7SR_13y940xjp1OitxBokfsl3Yk6Jm-Zau-qi5OOYfah8R4YFtlO5XMqMyokQUr3Wtze62iStZ2XMhjSeZtvRlvU6YmtxJsj3j8mt69WuR2jJcmkd4dB3R0yj8YdBnb2itqqidJSh2lSmr5Yiarq2l9-63fRRfj4UgxfjuRmo2b9sMR469Mgah1_5k70riQYMts_Z7RFt4euwBgpyx6BRWBOmIc6nbwxQhcssQs3a82U2IyF5BBhXQFlppMeVybZ4fpyBeIY2pj03J9F8pmFQ8qrjY0z9_o2FQ76J5fUIu65sJQIwVSpS6ztQpsFbqaZ2y0Qrqq8sSj_pOYdJj55vQJJfx9bcOfX8al24e5JFvyByW5xxaqh_keyW0kYWqi0ks5fuFock3jg0ygor91024ot0WemWbFVcdp8wfebpVBfM8QcnfI21fS__csa6jrptlBv2x7b8n2cqjIcJ3UQcYI7mJylg3wwdQ-YfuvWiwIQYui4is3Od1rsmYdcJy1iZn98MMXmcffFWjR4hSpO_XZvZxByrRy91lpamgh82R5bo2h5mrJRnX, assuming ownership.
Feb 22, 2023 7:01:32 PM com.google.cloud.datastore.emulator.impl.context.EmulatorAuthorization fromHeader
WARNING: Received service account token ya29.c.b0Aaekm1I705uFE3O3-wxHPGNdhk8VUlo5G6bMiYLIU5Cy_dd9oumzO9Vf1EuD1YMsR38a8jOtd5QRGryhA866a6EZEw6BUc6f1MiKeXRAtmwxZ-3OI4vPu-Bgzsoc2r9XBhmKqSG_qXRQWeFiZh16MZCbc88SblAvppHu146llFjg8G9Z6WLRScR8RPtddrZv6-ChKDX17-vsWCWdmLFmxxsOPAPIVuIT232AsU8Y2pw1n0Uobvzx7dI2sYcIVqm0cBO_6sp0qBhrFUMOv8snRuWm4asxJl7SyUWSJwds0wMk77zkrQ3rrus_VuYzdWJgUfXIqs6hSv8253lY9ziFRzVkt_JxbkvM7sViS-6dxIjQUate3MkyenWeugjn8nQeUMVZzcMlqfs3vyfUyrxkUgZu_sXJlvVoI5Q5FQ9YO1MVU2UavOmtS0km0nizRSiQv7SR_13y940xjp1OitxBokfsl3Yk6Jm-Zau-qi5OOYfah8R4YFtlO5XMqMyokQUr3Wtze62iStZ2XMhjSeZtvRlvU6YmtxJsj3j8mt69WuR2jJcmkd4dB3R0yj8YdBnb2itqqidJSh2lSmr5Yiarq2l9-63fRRfj4UgxfjuRmo2b9sMR469Mgah1_5k70riQYMts_Z7RFt4euwBgpyx6BRWBOmIc6nbwxQhcssQs3a82U2IyF5BBhXQFlppMeVybZ4fpyBeIY2pj03J9F8pmFQ8qrjY0z9_o2FQ76J5fUIu65sJQIwVSpS6ztQpsFbqaZ2y0Qrqq8sSj_pOYdJj55vQJJfx9bcOfX8al24e5JFvyByW5xxaqh_keyW0kYWqi0ks5fuFock3jg0ygor91024ot0WemWbFVcdp8wfebpVBfM8QcnfI21fS__csa6jrptlBv2x7b8n2cqjIcJ3UQcYI7mJylg3wwdQ-YfuvWiwIQYui4is3Od1rsmYdcJy1iZn98MMXmcffFWjR4hSpO_XZvZxByrRy91lpamgh82R5bo2h5mrJRnX, assuming ownership.
Feb 22, 2023 7:01:32 PM com.google.cloud.datastore.emulator.impl.context.EmulatorAuthorization fromHeader
WARNING: Received service account token ya29.c.b0Aaekm1I705uFE3O3-wxHPGNdhk8VUlo5G6bMiYLIU5Cy_dd9oumzO9Vf1EuD1YMsR38a8jOtd5QRGryhA866a6EZEw6BUc6f1MiKeXRAtmwxZ-3OI4vPu-Bgzsoc2r9XBhmKqSG_qXRQWeFiZh16MZCbc88SblAvppHu146llFjg8G9Z6WLRScR8RPtddrZv6-ChKDX17-vsWCWdmLFmxxsOPAPIVuIT232AsU8Y2pw1n0Uobvzx7dI2sYcIVqm0cBO_6sp0qBhrFUMOv8snRuWm4asxJl7SyUWSJwds0wMk77zkrQ3rrus_VuYzdWJgUfXIqs6hSv8253lY9ziFRzVkt_JxbkvM7sViS-6dxIjQUate3MkyenWeugjn8nQeUMVZzcMlqfs3vyfUyrxkUgZu_sXJlvVoI5Q5FQ9YO1MVU2UavOmtS0km0nizRSiQv7SR_13y940xjp1OitxBokfsl3Yk6Jm-Zau-qi5OOYfah8R4YFtlO5XMqMyokQUr3Wtze62iStZ2XMhjSeZtvRlvU6YmtxJsj3j8mt69WuR2jJcmkd4dB3R0yj8YdBnb2itqqidJSh2lSmr5Yiarq2l9-63fRRfj4UgxfjuRmo2b9sMR469Mgah1_5k70riQYMts_Z7RFt4euwBgpyx6BRWBOmIc6nbwxQhcssQs3a82U2IyF5BBhXQFlppMeVybZ4fpyBeIY2pj03J9F8pmFQ8qrjY0z9_o2FQ76J5fUIu65sJQIwVSpS6ztQpsFbqaZ2y0Qrqq8sSj_pOYdJj55vQJJfx9bcOfX8al24e5JFvyByW5xxaqh_keyW0kYWqi0ks5fuFock3jg0ygor91024ot0WemWbFVcdp8wfebpVBfM8QcnfI21fS__csa6jrptlBv2x7b8n2cqjIcJ3UQcYI7mJylg3wwdQ-YfuvWiwIQYui4is3Od1rsmYdcJy1iZn98MMXmcffFWjR4hSpO_XZvZxByrRy91lpamgh82R5bo2h5mrJRnX, assuming ownership.
Feb 22, 2023 7:01:32 PM com.google.cloud.datastore.emulator.impl.context.EmulatorAuthorization fromHeader
WARNING: Received service account token ya29.c.b0Aaekm1I705uFE3O3-wxHPGNdhk8VUlo5G6bMiYLIU5Cy_dd9oumzO9Vf1EuD1YMsR38a8jOtd5QRGryhA866a6EZEw6BUc6f1MiKeXRAtmwxZ-3OI4vPu-Bgzsoc2r9XBhmKqSG_qXRQWeFiZh16MZCbc88SblAvppHu146llFjg8G9Z6WLRScR8RPtddrZv6-ChKDX17-vsWCWdmLFmxxsOPAPIVuIT232AsU8Y2pw1n0Uobvzx7dI2sYcIVqm0cBO_6sp0qBhrFUMOv8snRuWm4asxJl7SyUWSJwds0wMk77zkrQ3rrus_VuYzdWJgUfXIqs6hSv8253lY9ziFRzVkt_JxbkvM7sViS-6dxIjQUate3MkyenWeugjn8nQeUMVZzcMlqfs3vyfUyrxkUgZu_sXJlvVoI5Q5FQ9YO1MVU2UavOmtS0km0nizRSiQv7SR_13y940xjp1OitxBokfsl3Yk6Jm-Zau-qi5OOYfah8R4YFtlO5XMqMyokQUr3Wtze62iStZ2XMhjSeZtvRlvU6YmtxJsj3j8mt69WuR2jJcmkd4dB3R0yj8YdBnb2itqqidJSh2lSmr5Yiarq2l9-63fRRfj4UgxfjuRmo2b9sMR469Mgah1_5k70riQYMts_Z7RFt4euwBgpyx6BRWBOmIc6nbwxQhcssQs3a82U2IyF5BBhXQFlppMeVybZ4fpyBeIY2pj03J9F8pmFQ8qrjY0z9_o2FQ76J5fUIu65sJQIwVSpS6ztQpsFbqaZ2y0Qrqq8sSj_pOYdJj55vQJJfx9bcOfX8al24e5JFvyByW5xxaqh_keyW0kYWqi0ks5fuFock3jg0ygor91024ot0WemWbFVcdp8wfebpVBfM8QcnfI21fS__csa6jrptlBv2x7b8n2cqjIcJ3UQcYI7mJylg3wwdQ-YfuvWiwIQYui4is3Od1rsmYdcJy1iZn98MMXmcffFWjR4hSpO_XZvZxByrRy91lpamgh82R5bo2h5mrJRnX, assuming ownership.
Feb 22, 2023 7:01:32 PM com.google.cloud.datastore.emulator.impl.context.EmulatorAuthorization fromHeader
WARNING: Received service account token ya29.c.b0Aaekm1I705uFE3O3-wxHPGNdhk8VUlo5G6bMiYLIU5Cy_dd9oumzO9Vf1EuD1YMsR38a8jOtd5QRGryhA866a6EZEw6BUc6f1MiKeXRAtmwxZ-3OI4vPu-Bgzsoc2r9XBhmKqSG_qXRQWeFiZh16MZCbc88SblAvppHu146llFjg8G9Z6WLRScR8RPtddrZv6-ChKDX17-vsWCWdmLFmxxsOPAPIVuIT232AsU8Y2pw1n0Uobvzx7dI2sYcIVqm0cBO_6sp0qBhrFUMOv8snRuWm4asxJl7SyUWSJwds0wMk77zkrQ3rrus_VuYzdWJgUfXIqs6hSv8253lY9ziFRzVkt_JxbkvM7sViS-6dxIjQUate3MkyenWeugjn8nQeUMVZzcMlqfs3vyfUyrxkUgZu_sXJlvVoI5Q5FQ9YO1MVU2UavOmtS0km0nizRSiQv7SR_13y940xjp1OitxBokfsl3Yk6Jm-Zau-qi5OOYfah8R4YFtlO5XMqMyokQUr3Wtze62iStZ2XMhjSeZtvRlvU6YmtxJsj3j8mt69WuR2jJcmkd4dB3R0yj8YdBnb2itqqidJSh2lSmr5Yiarq2l9-63fRRfj4UgxfjuRmo2b9sMR469Mgah1_5k70riQYMts_Z7RFt4euwBgpyx6BRWBOmIc6nbwxQhcssQs3a82U2IyF5BBhXQFlppMeVybZ4fpyBeIY2pj03J9F8pmFQ8qrjY0z9_o2FQ76J5fUIu65sJQIwVSpS6ztQpsFbqaZ2y0Qrqq8sSj_pOYdJj55vQJJfx9bcOfX8al24e5JFvyByW5xxaqh_keyW0kYWqi0ks5fuFock3jg0ygor91024ot0WemWbFVcdp8wfebpVBfM8QcnfI21fS__csa6jrptlBv2x7b8n2cqjIcJ3UQcYI7mJylg3wwdQ-YfuvWiwIQYui4is3Od1rsmYdcJy1iZn98MMXmcffFWjR4hSpO_XZvZxByrRy91lpamgh82R5bo2h5mrJRnX, assuming ownership.
Feb 22, 2023 7:01:32 PM com.google.cloud.datastore.emulator.impl.context.EmulatorAuthorization fromHeader
WARNING: Received service account token ya29.c.b0Aaekm1I705uFE3O3-wxHPGNdhk8VUlo5G6bMiYLIU5Cy_dd9oumzO9Vf1EuD1YMsR38a8jOtd5QRGryhA866a6EZEw6BUc6f1MiKeXRAtmwxZ-3OI4vPu-Bgzsoc2r9XBhmKqSG_qXRQWeFiZh16MZCbc88SblAvppHu146llFjg8G9Z6WLRScR8RPtddrZv6-ChKDX17-vsWCWdmLFmxxsOPAPIVuIT232AsU8Y2pw1n0Uobvzx7dI2sYcIVqm0cBO_6sp0qBhrFUMOv8snRuWm4asxJl7SyUWSJwds0wMk77zkrQ3rrus_VuYzdWJgUfXIqs6hSv8253lY9ziFRzVkt_JxbkvM7sViS-6dxIjQUate3MkyenWeugjn8nQeUMVZzcMlqfs3vyfUyrxkUgZu_sXJlvVoI5Q5FQ9YO1MVU2UavOmtS0km0nizRSiQv7SR_13y940xjp1OitxBokfsl3Yk6Jm-Zau-qi5OOYfah8R4YFtlO5XMqMyokQUr3Wtze62iStZ2XMhjSeZtvRlvU6YmtxJsj3j8mt69WuR2jJcmkd4dB3R0yj8YdBnb2itqqidJSh2lSmr5Yiarq2l9-63fRRfj4UgxfjuRmo2b9sMR469Mgah1_5k70riQYMts_Z7RFt4euwBgpyx6BRWBOmIc6nbwxQhcssQs3a82U2IyF5BBhXQFlppMeVybZ4fpyBeIY2pj03J9F8pmFQ8qrjY0z9_o2FQ76J5fUIu65sJQIwVSpS6ztQpsFbqaZ2y0Qrqq8sSj_pOYdJj55vQJJfx9bcOfX8al24e5JFvyByW5xxaqh_keyW0kYWqi0ks5fuFock3jg0ygor91024ot0WemWbFVcdp8wfebpVBfM8QcnfI21fS__csa6jrptlBv2x7b8n2cqjIcJ3UQcYI7mJylg3wwdQ-YfuvWiwIQYui4is3Od1rsmYdcJy1iZn98MMXmcffFWjR4hSpO_XZvZxByrRy91lpamgh82R5bo2h5mrJRnX, assuming ownership.
Feb 22, 2023 7:01:32 PM com.google.cloud.datastore.emulator.impl.context.EmulatorAuthorization fromHeader
WARNING: Received service account token ya29.c.b0Aaekm1I705uFE3O3-wxHPGNdhk8VUlo5G6bMiYLIU5Cy_dd9oumzO9Vf1EuD1YMsR38a8jOtd5QRGryhA866a6EZEw6BUc6f1MiKeXRAtmwxZ-3OI4vPu-Bgzsoc2r9XBhmKqSG_qXRQWeFiZh16MZCbc88SblAvppHu146llFjg8G9Z6WLRScR8RPtddrZv6-ChKDX17-vsWCWdmLFmxxsOPAPIVuIT232AsU8Y2pw1n0Uobvzx7dI2sYcIVqm0cBO_6sp0qBhrFUMOv8snRuWm4asxJl7SyUWSJwds0wMk77zkrQ3rrus_VuYzdWJgUfXIqs6hSv8253lY9ziFRzVkt_JxbkvM7sViS-6dxIjQUate3MkyenWeugjn8nQeUMVZzcMlqfs3vyfUyrxkUgZu_sXJlvVoI5Q5FQ9YO1MVU2UavOmtS0km0nizRSiQv7SR_13y940xjp1OitxBokfsl3Yk6Jm-Zau-qi5OOYfah8R4YFtlO5XMqMyokQUr3Wtze62iStZ2XMhjSeZtvRlvU6YmtxJsj3j8mt69WuR2jJcmkd4dB3R0yj8YdBnb2itqqidJSh2lSmr5Yiarq2l9-63fRRfj4UgxfjuRmo2b9sMR469Mgah1_5k70riQYMts_Z7RFt4euwBgpyx6BRWBOmIc6nbwxQhcssQs3a82U2IyF5BBhXQFlppMeVybZ4fpyBeIY2pj03J9F8pmFQ8qrjY0z9_o2FQ76J5fUIu65sJQIwVSpS6ztQpsFbqaZ2y0Qrqq8sSj_pOYdJj55vQJJfx9bcOfX8al24e5JFvyByW5xxaqh_keyW0kYWqi0ks5fuFock3jg0ygor91024ot0WemWbFVcdp8wfebpVBfM8QcnfI21fS__csa6jrptlBv2x7b8n2cqjIcJ3UQcYI7mJylg3wwdQ-YfuvWiwIQYui4is3Od1rsmYdcJy1iZn98MMXmcffFWjR4hSpO_XZvZxByrRy91lpamgh82R5bo2h5mrJRnX, assuming ownership.
Feb 22, 2023 7:01:32 PM com.google.cloud.datastore.emulator.impl.context.EmulatorAuthorization fromHeader
WARNING: Received service account token ya29.c.b0Aaekm1I705uFE3O3-wxHPGNdhk8VUlo5G6bMiYLIU5Cy_dd9oumzO9Vf1EuD1YMsR38a8jOtd5QRGryhA866a6EZEw6BUc6f1MiKeXRAtmwxZ-3OI4vPu-Bgzsoc2r9XBhmKqSG_qXRQWeFiZh16MZCbc88SblAvppHu146llFjg8G9Z6WLRScR8RPtddrZv6-ChKDX17-vsWCWdmLFmxxsOPAPIVuIT232AsU8Y2pw1n0Uobvzx7dI2sYcIVqm0cBO_6sp0qBhrFUMOv8snRuWm4asxJl7SyUWSJwds0wMk77zkrQ3rrus_VuYzdWJgUfXIqs6hSv8253lY9ziFRzVkt_JxbkvM7sViS-6dxIjQUate3MkyenWeugjn8nQeUMVZzcMlqfs3vyfUyrxkUgZu_sXJlvVoI5Q5FQ9YO1MVU2UavOmtS0km0nizRSiQv7SR_13y940xjp1OitxBokfsl3Yk6Jm-Zau-qi5OOYfah8R4YFtlO5XMqMyokQUr3Wtze62iStZ2XMhjSeZtvRlvU6YmtxJsj3j8mt69WuR2jJcmkd4dB3R0yj8YdBnb2itqqidJSh2lSmr5Yiarq2l9-63fRRfj4UgxfjuRmo2b9sMR469Mgah1_5k70riQYMts_Z7RFt4euwBgpyx6BRWBOmIc6nbwxQhcssQs3a82U2IyF5BBhXQFlppMeVybZ4fpyBeIY2pj03J9F8pmFQ8qrjY0z9_o2FQ76J5fUIu65sJQIwVSpS6ztQpsFbqaZ2y0Qrqq8sSj_pOYdJj55vQJJfx9bcOfX8al24e5JFvyByW5xxaqh_keyW0kYWqi0ks5fuFock3jg0ygor91024ot0WemWbFVcdp8wfebpVBfM8QcnfI21fS__csa6jrptlBv2x7b8n2cqjIcJ3UQcYI7mJylg3wwdQ-YfuvWiwIQYui4is3Od1rsmYdcJy1iZn98MMXmcffFWjR4hSpO_XZvZxByrRy91lpamgh82R5bo2h5mrJRnX, assuming ownership.
Feb 22, 2023 7:01:35 PM io.gapi.emulators.netty.HttpVersionRoutingHandler channelRead
INFO: Detected non-HTTP/2 connection.
Feb 22, 2023 7:01:35 PM io.gapi.emulators.netty.HttpVersionRoutingHandler channelRead
INFO: Detected non-HTTP/2 connection.
Feb 22, 2023 7:01:35 PM io.gapi.emulators.netty.HttpVersionRoutingHandler channelRead
INFO: Detected non-HTTP/2 connection.
Feb 22, 2023 7:01:40 PM io.gapi.emulators.netty.HttpVersionRoutingHandler channelRead
INFO: Detected non-HTTP/2 connection.
Feb 22, 2023 7:01:40 PM io.gapi.emulators.netty.HttpVersionRoutingHandler channelRead
INFO: Detected non-HTTP/2 connection.
Feb 22, 2023 7:02:55 PM io.gapi.emulators.netty.HttpVersionRoutingHandler channelRead
INFO: Detected non-HTTP/2 connection.
Feb 22, 2023 7:02:55 PM io.gapi.emulators.netty.HttpVersionRoutingHandler channelRead
INFO: Detected non-HTTP/2 connection.
*** shutting down gRPC server since JVM is shutting down
*** server shut down
